<?xml version="1.0" encoding="UTF-8"?>
<!-- Generated by org.testng.reporters.JUnitXMLReporter -->
<testsuite hostname="Bharath" ignored="0" name="FREECRM test" tests="4" failures="0" timestamp="15 Sep 2018 11:18:59 GMT" time="117.961" errors="0">
  <testcase name="LoginPageTitleTest" time="4.02" classname="com.crm.qa.testcases.LoginPageTest"/>
  <testcase name="loginTest" time="3.783" classname="com.crm.qa.testcases.LoginPageTest"/>
  <testcase name="FeaturesLinkTest" time="1.085" classname="com.crm.qa.testcases.LoginPageTest"/>
  <testcase name="validateLinks" time="3.113" classname="com.crm.qa.testcases.LoginPageTest"/>
</testsuite> <!-- FREECRM test -->
