<?xml version="1.0" encoding="UTF-8"?>
<!-- Generated by org.testng.reporters.JUnitXMLReporter -->
<testsuite hostname="Bharath" ignored="0" name="FREECRM tests2" tests="4" failures="0" timestamp="15 Sep 2018 10:59:40 GMT" time="129.201" errors="0">
  <testcase name="LoginPageTitleTest" time="0.853" classname="com.crm.qa.testcases.LoginPageTest"/>
  <testcase name="loginTest" time="6.928" classname="com.crm.qa.testcases.LoginPageTest"/>
  <testcase name="FeaturesLinkTest" time="0.973" classname="com.crm.qa.testcases.LoginPageTest"/>
  <testcase name="validateLinks" time="4.34" classname="com.crm.qa.testcases.LoginPageTest"/>
</testsuite> <!-- FREECRM tests2 -->
