<?xml version="1.0" encoding="UTF-8"?>
<!-- Generated by org.testng.reporters.JUnitXMLReporter -->
<testsuite hostname="Bharath" ignored="0" name="FREECRM tests" tests="4" failures="0" timestamp="15 Sep 2018 11:00:10 GMT" time="159.249" errors="0">
  <testcase name="LoginPageTitleTest" time="1.388" classname="com.crm.qa.testcases.LoginPageTest"/>
  <testcase name="loginTest" time="4.036" classname="com.crm.qa.testcases.LoginPageTest"/>
  <testcase name="FeaturesLinkTest" time="0.812" classname="com.crm.qa.testcases.LoginPageTest"/>
  <testcase name="validateLinks" time="1.861" classname="com.crm.qa.testcases.LoginPageTest"/>
</testsuite> <!-- FREECRM tests -->
