<?xml version="1.0" encoding="UTF-8"?>
<!-- Generated by org.testng.reporters.JUnitXMLReporter -->
<testsuite hostname="Bharath" ignored="0" name="FREECRM tests1" tests="4" failures="0" timestamp="15 Sep 2018 11:09:02 GMT" time="174.273" errors="0">
  <testcase name="LoginPageTitleTest" time="1.523" classname="com.crm.qa.testcases.LoginPageTest"/>
  <testcase name="loginTest" time="5.026" classname="com.crm.qa.testcases.LoginPageTest"/>
  <testcase name="FeaturesLinkTest" time="1.245" classname="com.crm.qa.testcases.LoginPageTest"/>
  <testcase name="validateLinks" time="3.361" classname="com.crm.qa.testcases.LoginPageTest"/>
</testsuite> <!-- FREECRM tests1 -->
