<?xml version="1.0" encoding="UTF-8"?>
<!-- Generated by org.testng.reporters.JUnitXMLReporter -->
<testsuite hostname="Bharath" ignored="0" name="FREECRM test1" tests="4" failures="0" timestamp="15 Sep 2018 11:19:12 GMT" time="130.585" errors="0">
  <testcase name="LoginPageTitleTest" time="0.973" classname="com.crm.qa.testcases.LoginPageTest"/>
  <testcase name="loginTest" time="5.492" classname="com.crm.qa.testcases.LoginPageTest"/>
  <testcase name="FeaturesLinkTest" time="1.525" classname="com.crm.qa.testcases.LoginPageTest"/>
  <testcase name="validateLinks" time="2.038" classname="com.crm.qa.testcases.LoginPageTest"/>
</testsuite> <!-- FREECRM test1 -->
