<?xml version="1.0" encoding="UTF-8"?>
<!-- Generated by org.testng.reporters.JUnitXMLReporter -->
<testsuite hostname="Bharaths-MacBook-Air.local" ignored="0" name="Default test" tests="5" failures="0" timestamp="27 Nov 2020 12:57:36 GMT" time="48.348" errors="0">
  <testcase name="LoginPageTitleTest" time="0.021" classname="com.crm.qa.testcases.LoginPageTest"/>
  <testcase name="loginTest" time="8.124" classname="com.crm.qa.testcases.LoginPageTest"/>
  <testcase name="FeaturesLinkTest" time="0.104" classname="com.crm.qa.testcases.LoginPageTest"/>
  <testcase name="validatePricingLink" time="0.057" classname="com.crm.qa.testcases.LoginPageTest"/>
  <testcase name="validateSignUpLink" time="0.095" classname="com.crm.qa.testcases.LoginPageTest"/>
</testsuite> <!-- Default test -->
