<?xml version="1.0" encoding="UTF-8"?>
<testng-results skipped="0" failed="0" ignored="0" total="5" passed="5">
  <reporter-output>
  </reporter-output>
  <suite name="Default suite" duration-ms="48348" started-at="2020-11-27T12:56:43Z" finished-at="2020-11-27T12:57:31Z">
    <groups>
    </groups>
    <test name="Default test" duration-ms="48348" started-at="2020-11-27T12:56:43Z" finished-at="2020-11-27T12:57:31Z">
      <class name="com.crm.qa.testcases.LoginPageTest">
        <test-method status="PASS" signature="SetUp()[pri:0, instance:com.crm.qa.testcases.LoginPageTest@4493d195]" name="SetUp" is-config="true" duration-ms="13663" started-at="2020-11-27T18:26:43Z" finished-at="2020-11-27T18:26:57Z">
          <reporter-output>
          </reporter-output>
        </test-method> <!-- SetUp -->
        <test-method status="PASS" signature="LoginPageTitleTest()[pri:1, instance:com.crm.qa.testcases.LoginPageTest@4493d195]" name="LoginPageTitleTest" duration-ms="21" started-at="2020-11-27T18:26:57Z" finished-at="2020-11-27T18:26:57Z">
          <reporter-output>
          </reporter-output>
        </test-method> <!-- LoginPageTitleTest -->
        <test-method status="PASS" signature="tearDown()[pri:0, instance:com.crm.qa.testcases.LoginPageTest@4493d195]" name="tearDown" is-config="true" duration-ms="169" started-at="2020-11-27T18:26:57Z" finished-at="2020-11-27T18:26:57Z">
          <reporter-output>
          </reporter-output>
        </test-method> <!-- tearDown -->
        <test-method status="PASS" signature="SetUp()[pri:0, instance:com.crm.qa.testcases.LoginPageTest@4493d195]" name="SetUp" is-config="true" duration-ms="6371" started-at="2020-11-27T18:26:57Z" finished-at="2020-11-27T18:27:03Z">
          <reporter-output>
          </reporter-output>
        </test-method> <!-- SetUp -->
        <test-method status="PASS" signature="loginTest()[pri:2, instance:com.crm.qa.testcases.LoginPageTest@4493d195]" name="loginTest" duration-ms="8124" started-at="2020-11-27T18:27:03Z" finished-at="2020-11-27T18:27:11Z">
          <reporter-output>
          </reporter-output>
        </test-method> <!-- loginTest -->
        <test-method status="PASS" signature="tearDown()[pri:0, instance:com.crm.qa.testcases.LoginPageTest@4493d195]" name="tearDown" is-config="true" duration-ms="139" started-at="2020-11-27T18:27:11Z" finished-at="2020-11-27T18:27:11Z">
          <reporter-output>
          </reporter-output>
        </test-method> <!-- tearDown -->
        <test-method status="PASS" signature="SetUp()[pri:0, instance:com.crm.qa.testcases.LoginPageTest@4493d195]" name="SetUp" is-config="true" duration-ms="6096" started-at="2020-11-27T18:27:11Z" finished-at="2020-11-27T18:27:18Z">
          <reporter-output>
          </reporter-output>
        </test-method> <!-- SetUp -->
        <test-method status="PASS" signature="FeaturesLinkTest()[pri:3, instance:com.crm.qa.testcases.LoginPageTest@4493d195]" name="FeaturesLinkTest" duration-ms="104" started-at="2020-11-27T18:27:18Z" finished-at="2020-11-27T18:27:18Z">
          <reporter-output>
          </reporter-output>
        </test-method> <!-- FeaturesLinkTest -->
        <test-method status="PASS" signature="tearDown()[pri:0, instance:com.crm.qa.testcases.LoginPageTest@4493d195]" name="tearDown" is-config="true" duration-ms="157" started-at="2020-11-27T18:27:18Z" finished-at="2020-11-27T18:27:18Z">
          <reporter-output>
          </reporter-output>
        </test-method> <!-- tearDown -->
        <test-method status="PASS" signature="SetUp()[pri:0, instance:com.crm.qa.testcases.LoginPageTest@4493d195]" name="SetUp" is-config="true" duration-ms="6448" started-at="2020-11-27T18:27:18Z" finished-at="2020-11-27T18:27:24Z">
          <reporter-output>
          </reporter-output>
        </test-method> <!-- SetUp -->
        <test-method status="PASS" signature="validatePricingLink()[pri:4, instance:com.crm.qa.testcases.LoginPageTest@4493d195]" name="validatePricingLink" duration-ms="57" started-at="2020-11-27T18:27:24Z" finished-at="2020-11-27T18:27:24Z">
          <reporter-output>
          </reporter-output>
        </test-method> <!-- validatePricingLink -->
        <test-method status="PASS" signature="tearDown()[pri:0, instance:com.crm.qa.testcases.LoginPageTest@4493d195]" name="tearDown" is-config="true" duration-ms="173" started-at="2020-11-27T18:27:24Z" finished-at="2020-11-27T18:27:24Z">
          <reporter-output>
          </reporter-output>
        </test-method> <!-- tearDown -->
        <test-method status="PASS" signature="SetUp()[pri:0, instance:com.crm.qa.testcases.LoginPageTest@4493d195]" name="SetUp" is-config="true" duration-ms="6535" started-at="2020-11-27T18:27:24Z" finished-at="2020-11-27T18:27:31Z">
          <reporter-output>
          </reporter-output>
        </test-method> <!-- SetUp -->
        <test-method status="PASS" signature="validateSignUpLink()[pri:4, instance:com.crm.qa.testcases.LoginPageTest@4493d195]" name="validateSignUpLink" duration-ms="95" started-at="2020-11-27T18:27:31Z" finished-at="2020-11-27T18:27:31Z">
          <reporter-output>
          </reporter-output>
        </test-method> <!-- validateSignUpLink -->
        <test-method status="PASS" signature="tearDown()[pri:0, instance:com.crm.qa.testcases.LoginPageTest@4493d195]" name="tearDown" is-config="true" duration-ms="162" started-at="2020-11-27T18:27:31Z" finished-at="2020-11-27T18:27:31Z">
          <reporter-output>
          </reporter-output>
        </test-method> <!-- tearDown -->
      </class> <!-- com.crm.qa.testcases.LoginPageTest -->
    </test> <!-- Default test -->
  </suite> <!-- Default suite -->
</testng-results>
